# //  ModelSim SE-64 10.6d Feb 24 2018
# //
# //  Copyright 1991-2018 Mentor Graphics Corporation
# //  All Rights Reserved.
# //
# //  ModelSim SE-64 and its associated documentation contain trade
# //  secrets and commercial or financial information that are the property of
# //  Mentor Graphics Corporation and are privileged, confidential,
# //  and exempt from disclosure under the Freedom of Information Act,
# //  5 U.S.C. Section 552. Furthermore, this information
# //  is prohibited from disclosure under the Trade Secrets Act,
# //  18 U.S.C. Section 1905.
# //
# do {tb_epp_basic_simulate.do}
# vsim -voptargs=""+acc"" -L xil_defaultlib -L unisims_ver -L unimacro_ver -L secureip -L xpm -lib xil_defaultlib xil_defaultlib.tb_epp_basic xil_defaultlib.glbl 
# Start time: 02:46:39 on Mar 19,2024
# ** Note: (vsim-3812) Design is being optimized...
# ** Warning: ../../../../tb_epp_basic.v(26): (vopt-2685) [TFMPC] - Too few port connections for 'DUT'.  Expected 11, found 3.
# ** Warning: ../../../../tb_epp_basic.v(26): (vopt-2718) [TFMPC] - Missing connection for port 'epp_data'.
# ** Warning: ../../../../tb_epp_basic.v(26): (vopt-2718) [TFMPC] - Missing connection for port 'epp_mode'.
# ** Warning: ../../../../tb_epp_basic.v(26): (vopt-2718) [TFMPC] - Missing connection for port 'epp_xcl'.
# ** Warning: ../../../../tb_epp_basic.v(26): (vopt-2718) [TFMPC] - Missing connection for port 'epp_xle'.
# ** Warning: ../../../../tb_epp_basic.v(26): (vopt-2718) [TFMPC] - Missing connection for port 'epp_xstl'.
# ** Warning: ../../../../tb_epp_basic.v(26): (vopt-2718) [TFMPC] - Missing connection for port 'epp_xoe'.
# ** Warning: ../../../../tb_epp_basic.v(26): (vopt-2718) [TFMPC] - Missing connection for port 'epp_stv'.
# ** Warning: ../../../../tb_epp_basic.v(26): (vopt-2718) [TFMPC] - Missing connection for port 'epp_ckv'.
# Loading work.tb_epp_basic(fast)
# Loading work.epp_basic(fast)
# Loading work.clk_wiz_0(fast)
# Loading work.clk_wiz_0_clk_wiz(fast)
# Loading unisims_ver.IBUFDS(fast)
# Loading unisims_ver.MMCME2_ADV(fast)
# Loading unisims_ver.BUFG(fast)
# Loading work.glbl(fast)
# 1
# 1
# .main_pane.wave.interior.cs.body.pw.wf
# .main_pane.structure.interior.cs.body.struct
# .main_pane.objects.interior.cs.body.tree
add wave -position insertpoint  \
sim:/tb_epp_basic/DUT/epp_ckv \
sim:/tb_epp_basic/DUT/epp_data \
sim:/tb_epp_basic/DUT/epp_mode \
sim:/tb_epp_basic/DUT/epp_stv \
sim:/tb_epp_basic/DUT/epp_xcl \
sim:/tb_epp_basic/DUT/epp_xle \
sim:/tb_epp_basic/DUT/epp_xoe \
sim:/tb_epp_basic/DUT/epp_xstl
add wave -position insertpoint  \
sim:/tb_epp_basic/DUT/cnt_a \
sim:/tb_epp_basic/DUT/cnt_b
add wave -position insertpoint  \
sim:/tb_epp_basic/DUT/sys_clk_n \
sim:/tb_epp_basic/DUT/sys_clk_p \
sim:/tb_epp_basic/DUT/sys_nrst
write format wave -window .main_pane.wave.interior.cs.body.pw.wf G:/20240319_epp/a7_epp_1080p/a7_epp_1080p.sim/sim_1/behav/modelsim/tb_epp_basic_wave.do
restart
# ** Note: (vsim-8009) Loading existing optimized design _opt
# Loading work.tb_epp_basic(fast)
# Loading work.epp_basic(fast)
# Loading work.clk_wiz_0(fast)
# Loading work.clk_wiz_0_clk_wiz(fast)
# Loading unisims_ver.IBUFDS(fast)
# Loading unisims_ver.MMCME2_ADV(fast)
# Loading unisims_ver.BUFG(fast)
# Loading work.glbl(fast)
run 2000ns
run 1us
vlog -work xil_defaultlib +incdir+../../../../a7_epp_1080p.gen/sources_1/ip/clk_wiz_0 -L mtiAvm -L mtiRnm -L mtiOvm -L mtiUvm -L mtiUPF -L infact G:/20240319_epp/a7_epp_1080p/epp_basic.v
# Model Technology ModelSim SE-64 vlog 10.6d Compiler 2018.02 Feb 24 2018
# Start time: 02:48:10 on Mar 19,2024
# vlog -reportprogress 300 -work xil_defaultlib "+incdir+../../../../a7_epp_1080p.gen/sources_1/ip/clk_wiz_0" -L mtiAvm -L mtiRnm -L mtiOvm -L mtiUvm -L mtiUPF -L infact G:/20240319_epp/a7_epp_1080p/epp_basic.v 
# -- Compiling module epp_basic
# 
# Top level modules:
# 	epp_basic
# End time: 02:48:10 on Mar 19,2024, Elapsed time: 0:00:00
# Errors: 0, Warnings: 0
vlog -work xil_defaultlib +incdir+../../../../a7_epp_1080p.gen/sources_1/ip/clk_wiz_0 -L mtiAvm -L mtiRnm -L mtiOvm -L mtiUvm -L mtiUPF -L infact G:/20240319_epp/a7_epp_1080p/tb_epp_basic.v
# Model Technology ModelSim SE-64 vlog 10.6d Compiler 2018.02 Feb 24 2018
# Start time: 02:48:11 on Mar 19,2024
# vlog -reportprogress 300 -work xil_defaultlib "+incdir+../../../../a7_epp_1080p.gen/sources_1/ip/clk_wiz_0" -L mtiAvm -L mtiRnm -L mtiOvm -L mtiUvm -L mtiUPF -L infact G:/20240319_epp/a7_epp_1080p/tb_epp_basic.v 
# -- Compiling module tb_epp_basic
# 
# Top level modules:
# 	tb_epp_basic
# End time: 02:48:11 on Mar 19,2024, Elapsed time: 0:00:00
# Errors: 0, Warnings: 0
restart
# ** Note: (vsim-3813) Design is being optimized due to module recompilation...
# ** Warning: G:/20240319_epp/a7_epp_1080p/tb_epp_basic.v(26): (vopt-2685) [TFMPC] - Too few port connections for 'DUT'.  Expected 11, found 3.
# ** Warning: G:/20240319_epp/a7_epp_1080p/tb_epp_basic.v(26): (vopt-2718) [TFMPC] - Missing connection for port 'epp_data'.
# ** Warning: G:/20240319_epp/a7_epp_1080p/tb_epp_basic.v(26): (vopt-2718) [TFMPC] - Missing connection for port 'epp_mode'.
# ** Warning: G:/20240319_epp/a7_epp_1080p/tb_epp_basic.v(26): (vopt-2718) [TFMPC] - Missing connection for port 'epp_xcl'.
# ** Warning: G:/20240319_epp/a7_epp_1080p/tb_epp_basic.v(26): (vopt-2718) [TFMPC] - Missing connection for port 'epp_xle'.
# ** Warning: G:/20240319_epp/a7_epp_1080p/tb_epp_basic.v(26): (vopt-2718) [TFMPC] - Missing connection for port 'epp_xstl'.
# ** Warning: G:/20240319_epp/a7_epp_1080p/tb_epp_basic.v(26): (vopt-2718) [TFMPC] - Missing connection for port 'epp_xoe'.
# ** Warning: G:/20240319_epp/a7_epp_1080p/tb_epp_basic.v(26): (vopt-2718) [TFMPC] - Missing connection for port 'epp_stv'.
# ** Warning: G:/20240319_epp/a7_epp_1080p/tb_epp_basic.v(26): (vopt-2718) [TFMPC] - Missing connection for port 'epp_ckv'.
# Loading work.tb_epp_basic(fast)
# Loading work.epp_basic(fast)
# Loading work.clk_wiz_0(fast)
# Loading work.clk_wiz_0_clk_wiz(fast)
# Loading unisims_ver.IBUFDS(fast)
# Loading unisims_ver.MMCME2_ADV(fast)
# Loading unisims_ver.BUFG(fast)
# Loading work.glbl(fast)
run 1us
run 50000ns
vlog -work xil_defaultlib +incdir+../../../../a7_epp_1080p.gen/sources_1/ip/clk_wiz_0 -L mtiAvm -L mtiRnm -L mtiOvm -L mtiUvm -L mtiUPF -L infact G:/20240319_epp/a7_epp_1080p/epp_basic.v
# Model Technology ModelSim SE-64 vlog 10.6d Compiler 2018.02 Feb 24 2018
# Start time: 02:51:31 on Mar 19,2024
# vlog -reportprogress 300 -work xil_defaultlib "+incdir+../../../../a7_epp_1080p.gen/sources_1/ip/clk_wiz_0" -L mtiAvm -L mtiRnm -L mtiOvm -L mtiUvm -L mtiUPF -L infact G:/20240319_epp/a7_epp_1080p/epp_basic.v 
# -- Compiling module epp_basic
# 
# Top level modules:
# 	epp_basic
# End time: 02:51:31 on Mar 19,2024, Elapsed time: 0:00:00
# Errors: 0, Warnings: 0
vlog -work xil_defaultlib +incdir+../../../../a7_epp_1080p.gen/sources_1/ip/clk_wiz_0 -L mtiAvm -L mtiRnm -L mtiOvm -L mtiUvm -L mtiUPF -L infact G:/20240319_epp/a7_epp_1080p/tb_epp_basic.v
# Model Technology ModelSim SE-64 vlog 10.6d Compiler 2018.02 Feb 24 2018
# Start time: 02:51:32 on Mar 19,2024
# vlog -reportprogress 300 -work xil_defaultlib "+incdir+../../../../a7_epp_1080p.gen/sources_1/ip/clk_wiz_0" -L mtiAvm -L mtiRnm -L mtiOvm -L mtiUvm -L mtiUPF -L infact G:/20240319_epp/a7_epp_1080p/tb_epp_basic.v 
# -- Compiling module tb_epp_basic
# 
# Top level modules:
# 	tb_epp_basic
# End time: 02:51:32 on Mar 19,2024, Elapsed time: 0:00:00
# Errors: 0, Warnings: 0
restart
# ** Note: (vsim-3813) Design is being optimized due to module recompilation...
# Loading work.tb_epp_basic(fast)
# Loading work.epp_basic(fast)
# Loading work.clk_wiz_0(fast)
# Loading work.clk_wiz_0_clk_wiz(fast)
# Loading unisims_ver.IBUFDS(fast)
# Loading unisims_ver.MMCME2_ADV(fast)
# Loading unisims_ver.BUFG(fast)
# Loading work.glbl(fast)
run 50000ns
run 50us
run 500us
run -all
vlog -work xil_defaultlib +incdir+../../../../a7_epp_1080p.gen/sources_1/ip/clk_wiz_0 -L mtiAvm -L mtiRnm -L mtiOvm -L mtiUvm -L mtiUPF -L infact G:/20240319_epp/a7_epp_1080p/epp_basic.v
# Model Technology ModelSim SE-64 vlog 10.6d Compiler 2018.02 Feb 24 2018
# Start time: 18:13:40 on Mar 19,2024
# vlog -reportprogress 300 -work xil_defaultlib "+incdir+../../../../a7_epp_1080p.gen/sources_1/ip/clk_wiz_0" -L mtiAvm -L mtiRnm -L mtiOvm -L mtiUvm -L mtiUPF -L infact G:/20240319_epp/a7_epp_1080p/epp_basic.v 
# -- Compiling module epp_basic
# ** Warning: G:/20240319_epp/a7_epp_1080p/epp_basic.v(157): (vlog-2600) [RDGN] - Redundant digits in numeric literal.
# 
# Top level modules:
# 	epp_basic
# End time: 18:13:40 on Mar 19,2024, Elapsed time: 0:00:00
# Errors: 0, Warnings: 1
vlog -work xil_defaultlib +incdir+../../../../a7_epp_1080p.gen/sources_1/ip/clk_wiz_0 -L mtiAvm -L mtiRnm -L mtiOvm -L mtiUvm -L mtiUPF -L infact G:/20240319_epp/a7_epp_1080p/tb_epp_basic.v
# Model Technology ModelSim SE-64 vlog 10.6d Compiler 2018.02 Feb 24 2018
# Start time: 18:13:41 on Mar 19,2024
# vlog -reportprogress 300 -work xil_defaultlib "+incdir+../../../../a7_epp_1080p.gen/sources_1/ip/clk_wiz_0" -L mtiAvm -L mtiRnm -L mtiOvm -L mtiUvm -L mtiUPF -L infact G:/20240319_epp/a7_epp_1080p/tb_epp_basic.v 
# -- Compiling module tb_epp_basic
# 
# Top level modules:
# 	tb_epp_basic
# End time: 18:13:41 on Mar 19,2024, Elapsed time: 0:00:00
# Errors: 0, Warnings: 0
vlog -work xil_defaultlib +incdir+../../../../a7_epp_1080p.gen/sources_1/ip/clk_wiz_0 -L mtiAvm -L mtiRnm -L mtiOvm -L mtiUvm -L mtiUPF -L infact G:/20240319_epp/a7_epp_1080p/tb_epp_basic.v
# Model Technology ModelSim SE-64 vlog 10.6d Compiler 2018.02 Feb 24 2018
# Start time: 18:14:20 on Mar 19,2024
# vlog -reportprogress 300 -work xil_defaultlib "+incdir+../../../../a7_epp_1080p.gen/sources_1/ip/clk_wiz_0" -L mtiAvm -L mtiRnm -L mtiOvm -L mtiUvm -L mtiUPF -L infact G:/20240319_epp/a7_epp_1080p/tb_epp_basic.v 
# -- Compiling module tb_epp_basic
# 
# Top level modules:
# 	tb_epp_basic
# End time: 18:14:20 on Mar 19,2024, Elapsed time: 0:00:00
# Errors: 0, Warnings: 0
restart
# ** Note: (vsim-3813) Design is being optimized due to module recompilation...
# Loading work.tb_epp_basic(fast)
# Loading work.epp_basic(fast)
# Loading work.clk_wiz_0(fast)
# Loading work.clk_wiz_0_clk_wiz(fast)
# Loading unisims_ver.IBUFDS(fast)
# Loading unisims_ver.MMCME2_ADV(fast)
# Loading unisims_ver.BUFG(fast)
# Loading work.glbl(fast)
run 50us
run 500us
add wave -position insertpoint  \
sim:/tb_epp_basic/DUT/epp_data
vlog -work xil_defaultlib +incdir+../../../../a7_epp_1080p.gen/sources_1/ip/clk_wiz_0 -L mtiAvm -L mtiRnm -L mtiOvm -L mtiUvm -L mtiUPF -L infact G:/20240319_epp/a7_epp_1080p/epp_basic.v
# Model Technology ModelSim SE-64 vlog 10.6d Compiler 2018.02 Feb 24 2018
# Start time: 18:15:43 on Mar 19,2024
# vlog -reportprogress 300 -work xil_defaultlib "+incdir+../../../../a7_epp_1080p.gen/sources_1/ip/clk_wiz_0" -L mtiAvm -L mtiRnm -L mtiOvm -L mtiUvm -L mtiUPF -L infact G:/20240319_epp/a7_epp_1080p/epp_basic.v 
# -- Compiling module epp_basic
# 
# Top level modules:
# 	epp_basic
# End time: 18:15:43 on Mar 19,2024, Elapsed time: 0:00:00
# Errors: 0, Warnings: 0
vlog -work xil_defaultlib +incdir+../../../../a7_epp_1080p.gen/sources_1/ip/clk_wiz_0 -L mtiAvm -L mtiRnm -L mtiOvm -L mtiUvm -L mtiUPF -L infact G:/20240319_epp/a7_epp_1080p/tb_epp_basic.v
# Model Technology ModelSim SE-64 vlog 10.6d Compiler 2018.02 Feb 24 2018
# Start time: 18:15:43 on Mar 19,2024
# vlog -reportprogress 300 -work xil_defaultlib "+incdir+../../../../a7_epp_1080p.gen/sources_1/ip/clk_wiz_0" -L mtiAvm -L mtiRnm -L mtiOvm -L mtiUvm -L mtiUPF -L infact G:/20240319_epp/a7_epp_1080p/tb_epp_basic.v 
# -- Compiling module tb_epp_basic
# 
# Top level modules:
# 	tb_epp_basic
# End time: 18:15:44 on Mar 19,2024, Elapsed time: 0:00:01
# Errors: 0, Warnings: 0
restart
# ** Note: (vsim-3813) Design is being optimized due to module recompilation...
# Loading work.tb_epp_basic(fast)
# Loading work.epp_basic(fast)
# Loading work.clk_wiz_0(fast)
# Loading work.clk_wiz_0_clk_wiz(fast)
# Loading unisims_ver.IBUFDS(fast)
# Loading unisims_ver.MMCME2_ADV(fast)
# Loading unisims_ver.BUFG(fast)
# Loading work.glbl(fast)
run 500us
vlog -work xil_defaultlib +incdir+../../../../a7_epp_1080p.gen/sources_1/ip/clk_wiz_0 -L mtiAvm -L mtiRnm -L mtiOvm -L mtiUvm -L mtiUPF -L infact G:/20240319_epp/a7_epp_1080p/epp_basic.v
# Model Technology ModelSim SE-64 vlog 10.6d Compiler 2018.02 Feb 24 2018
# Start time: 18:16:20 on Mar 19,2024
# vlog -reportprogress 300 -work xil_defaultlib "+incdir+../../../../a7_epp_1080p.gen/sources_1/ip/clk_wiz_0" -L mtiAvm -L mtiRnm -L mtiOvm -L mtiUvm -L mtiUPF -L infact G:/20240319_epp/a7_epp_1080p/epp_basic.v 
# -- Compiling module epp_basic
# 
# Top level modules:
# 	epp_basic
# End time: 18:16:20 on Mar 19,2024, Elapsed time: 0:00:00
# Errors: 0, Warnings: 0
vlog -work xil_defaultlib +incdir+../../../../a7_epp_1080p.gen/sources_1/ip/clk_wiz_0 -L mtiAvm -L mtiRnm -L mtiOvm -L mtiUvm -L mtiUPF -L infact G:/20240319_epp/a7_epp_1080p/tb_epp_basic.v
# Model Technology ModelSim SE-64 vlog 10.6d Compiler 2018.02 Feb 24 2018
# Start time: 18:16:21 on Mar 19,2024
# vlog -reportprogress 300 -work xil_defaultlib "+incdir+../../../../a7_epp_1080p.gen/sources_1/ip/clk_wiz_0" -L mtiAvm -L mtiRnm -L mtiOvm -L mtiUvm -L mtiUPF -L infact G:/20240319_epp/a7_epp_1080p/tb_epp_basic.v 
# -- Compiling module tb_epp_basic
# 
# Top level modules:
# 	tb_epp_basic
# End time: 18:16:21 on Mar 19,2024, Elapsed time: 0:00:00
# Errors: 0, Warnings: 0
restart
# ** Note: (vsim-3813) Design is being optimized due to module recompilation...
# Loading work.tb_epp_basic(fast)
# Loading work.epp_basic(fast)
# Loading work.clk_wiz_0(fast)
# Loading work.clk_wiz_0_clk_wiz(fast)
# Loading unisims_ver.IBUFDS(fast)
# Loading unisims_ver.MMCME2_ADV(fast)
# Loading unisims_ver.BUFG(fast)
# Loading work.glbl(fast)
run 500us
vlog -work xil_defaultlib +incdir+../../../../a7_epp_1080p.gen/sources_1/ip/clk_wiz_0 -L mtiAvm -L mtiRnm -L mtiOvm -L mtiUvm -L mtiUPF -L infact G:/20240319_epp/a7_epp_1080p/epp_basic.v
# Model Technology ModelSim SE-64 vlog 10.6d Compiler 2018.02 Feb 24 2018
# Start time: 18:17:05 on Mar 19,2024
# vlog -reportprogress 300 -work xil_defaultlib "+incdir+../../../../a7_epp_1080p.gen/sources_1/ip/clk_wiz_0" -L mtiAvm -L mtiRnm -L mtiOvm -L mtiUvm -L mtiUPF -L infact G:/20240319_epp/a7_epp_1080p/epp_basic.v 
# -- Compiling module epp_basic
# 
# Top level modules:
# 	epp_basic
# End time: 18:17:05 on Mar 19,2024, Elapsed time: 0:00:00
# Errors: 0, Warnings: 0
vlog -work xil_defaultlib +incdir+../../../../a7_epp_1080p.gen/sources_1/ip/clk_wiz_0 -L mtiAvm -L mtiRnm -L mtiOvm -L mtiUvm -L mtiUPF -L infact G:/20240319_epp/a7_epp_1080p/tb_epp_basic.v
# Model Technology ModelSim SE-64 vlog 10.6d Compiler 2018.02 Feb 24 2018
# Start time: 18:17:06 on Mar 19,2024
# vlog -reportprogress 300 -work xil_defaultlib "+incdir+../../../../a7_epp_1080p.gen/sources_1/ip/clk_wiz_0" -L mtiAvm -L mtiRnm -L mtiOvm -L mtiUvm -L mtiUPF -L infact G:/20240319_epp/a7_epp_1080p/tb_epp_basic.v 
# -- Compiling module tb_epp_basic
# 
# Top level modules:
# 	tb_epp_basic
# End time: 18:17:06 on Mar 19,2024, Elapsed time: 0:00:00
# Errors: 0, Warnings: 0
restart
# ** Note: (vsim-3813) Design is being optimized due to module recompilation...
# Loading work.tb_epp_basic(fast)
# Loading work.epp_basic(fast)
# Loading work.clk_wiz_0(fast)
# Loading work.clk_wiz_0_clk_wiz(fast)
# Loading unisims_ver.IBUFDS(fast)
# Loading unisims_ver.MMCME2_ADV(fast)
# Loading unisims_ver.BUFG(fast)
# Loading work.glbl(fast)
run 500us
vlog -work xil_defaultlib +incdir+../../../../a7_epp_1080p.gen/sources_1/ip/clk_wiz_0 -L mtiAvm -L mtiRnm -L mtiOvm -L mtiUvm -L mtiUPF -L infact G:/20240319_epp/a7_epp_1080p/epp_basic.v
# Model Technology ModelSim SE-64 vlog 10.6d Compiler 2018.02 Feb 24 2018
# Start time: 18:17:48 on Mar 19,2024
# vlog -reportprogress 300 -work xil_defaultlib "+incdir+../../../../a7_epp_1080p.gen/sources_1/ip/clk_wiz_0" -L mtiAvm -L mtiRnm -L mtiOvm -L mtiUvm -L mtiUPF -L infact G:/20240319_epp/a7_epp_1080p/epp_basic.v 
# -- Compiling module epp_basic
# 
# Top level modules:
# 	epp_basic
# End time: 18:17:48 on Mar 19,2024, Elapsed time: 0:00:00
# Errors: 0, Warnings: 0
vlog -work xil_defaultlib +incdir+../../../../a7_epp_1080p.gen/sources_1/ip/clk_wiz_0 -L mtiAvm -L mtiRnm -L mtiOvm -L mtiUvm -L mtiUPF -L infact G:/20240319_epp/a7_epp_1080p/tb_epp_basic.v
# Model Technology ModelSim SE-64 vlog 10.6d Compiler 2018.02 Feb 24 2018
# Start time: 18:17:49 on Mar 19,2024
# vlog -reportprogress 300 -work xil_defaultlib "+incdir+../../../../a7_epp_1080p.gen/sources_1/ip/clk_wiz_0" -L mtiAvm -L mtiRnm -L mtiOvm -L mtiUvm -L mtiUPF -L infact G:/20240319_epp/a7_epp_1080p/tb_epp_basic.v 
# -- Compiling module tb_epp_basic
# 
# Top level modules:
# 	tb_epp_basic
# End time: 18:17:49 on Mar 19,2024, Elapsed time: 0:00:00
# Errors: 0, Warnings: 0
restart
# ** Note: (vsim-3813) Design is being optimized due to module recompilation...
# Loading work.tb_epp_basic(fast)
# Loading work.epp_basic(fast)
# Loading work.clk_wiz_0(fast)
# Loading work.clk_wiz_0_clk_wiz(fast)
# Loading unisims_ver.IBUFDS(fast)
# Loading unisims_ver.MMCME2_ADV(fast)
# Loading unisims_ver.BUFG(fast)
# Loading work.glbl(fast)
run 500us
run -all
# End time: 18:57:40 on Mar 19,2024, Elapsed time: 16:11:01
# Errors: 0, Warnings: 1
